<?xml version="1.0" encoding="UTF-8"?>
<coverage generated="1690851069377" clover="3.2.0">
  <project timestamp="1690851069378" name="All files">
    <metrics statements="76" coveredstatements="74" conditionals="32" coveredconditionals="28" methods="37" coveredmethods="35" elements="145" coveredelements="137" complexity="0" loc="76" ncloc="76" packages="11" files="32" classes="32"/>
    <package name="@types">
      <metrics statements="0" coveredstatements="0" conditionals="0" coveredconditionals="0" methods="0" coveredmethods="0"/>
      <file name="redux_tsa.ts" path="C:\Projects\portfolio_projects\test_punk\src\@types\redux_tsa.ts">
        <metrics statements="0" coveredstatements="0" conditionals="0" coveredconditionals="0" methods="0" coveredmethods="0"/>
      </file>
    </package>
    <package name="assets.icons">
      <metrics statements="8" coveredstatements="8" conditionals="0" coveredconditionals="0" methods="0" coveredmethods="0"/>
      <file name="icon-fermetation.png" path="C:\Projects\portfolio_projects\test_punk\src\assets\icons\icon-fermetation.png">
        <metrics statements="1" coveredstatements="1" conditionals="0" coveredconditionals="0" methods="0" coveredmethods="0"/>
        <line num="1" count="12" type="stmt"/>
      </file>
      <file name="icon-food-pairing.png" path="C:\Projects\portfolio_projects\test_punk\src\assets\icons\icon-food-pairing.png">
        <metrics statements="1" coveredstatements="1" conditionals="0" coveredconditionals="0" methods="0" coveredmethods="0"/>
        <line num="1" count="12" type="stmt"/>
      </file>
      <file name="icon-hops.png" path="C:\Projects\portfolio_projects\test_punk\src\assets\icons\icon-hops.png">
        <metrics statements="1" coveredstatements="1" conditionals="0" coveredconditionals="0" methods="0" coveredmethods="0"/>
        <line num="1" count="12" type="stmt"/>
      </file>
      <file name="icon-malt.png" path="C:\Projects\portfolio_projects\test_punk\src\assets\icons\icon-malt.png">
        <metrics statements="1" coveredstatements="1" conditionals="0" coveredconditionals="0" methods="0" coveredmethods="0"/>
        <line num="1" count="12" type="stmt"/>
      </file>
      <file name="icon-mash.png" path="C:\Projects\portfolio_projects\test_punk\src\assets\icons\icon-mash.png">
        <metrics statements="1" coveredstatements="1" conditionals="0" coveredconditionals="0" methods="0" coveredmethods="0"/>
        <line num="1" count="12" type="stmt"/>
      </file>
      <file name="icon-tip.png" path="C:\Projects\portfolio_projects\test_punk\src\assets\icons\icon-tip.png">
        <metrics statements="1" coveredstatements="1" conditionals="0" coveredconditionals="0" methods="0" coveredmethods="0"/>
        <line num="1" count="12" type="stmt"/>
      </file>
      <file name="icon-twist.png" path="C:\Projects\portfolio_projects\test_punk\src\assets\icons\icon-twist.png">
        <metrics statements="1" coveredstatements="1" conditionals="0" coveredconditionals="0" methods="0" coveredmethods="0"/>
        <line num="1" count="12" type="stmt"/>
      </file>
      <file name="icon-yeast.png" path="C:\Projects\portfolio_projects\test_punk\src\assets\icons\icon-yeast.png">
        <metrics statements="1" coveredstatements="1" conditionals="0" coveredconditionals="0" methods="0" coveredmethods="0"/>
        <line num="1" count="12" type="stmt"/>
      </file>
    </package>
    <package name="assets.images">
      <metrics statements="1" coveredstatements="1" conditionals="0" coveredconditionals="0" methods="0" coveredmethods="0"/>
      <file name="logo.png" path="C:\Projects\portfolio_projects\test_punk\src\assets\images\logo.png">
        <metrics statements="1" coveredstatements="1" conditionals="0" coveredconditionals="0" methods="0" coveredmethods="0"/>
        <line num="1" count="12" type="stmt"/>
      </file>
    </package>
    <package name="components">
      <metrics statements="0" coveredstatements="0" conditionals="0" coveredconditionals="0" methods="0" coveredmethods="0"/>
      <file name="index.ts" path="C:\Projects\portfolio_projects\test_punk\src\components\index.ts">
        <metrics statements="0" coveredstatements="0" conditionals="0" coveredconditionals="0" methods="0" coveredmethods="0"/>
      </file>
    </package>
    <package name="components.BeerDetails">
      <metrics statements="18" coveredstatements="18" conditionals="14" coveredconditionals="11" methods="13" coveredmethods="13"/>
      <file name="BasicsCard.tsx" path="C:\Projects\portfolio_projects\test_punk\src\components\BeerDetails\BasicsCard.tsx">
        <metrics statements="4" coveredstatements="4" conditionals="0" coveredconditionals="0" methods="2" coveredmethods="2"/>
        <line num="7" count="1" type="stmt"/>
        <line num="11" count="1" type="stmt"/>
        <line num="94" count="1" type="stmt"/>
        <line num="98" count="9" type="stmt"/>
      </file>
      <file name="BrewersTipCard.tsx" path="C:\Projects\portfolio_projects\test_punk\src\components\BeerDetails\BrewersTipCard.tsx">
        <metrics statements="1" coveredstatements="1" conditionals="0" coveredconditionals="0" methods="1" coveredmethods="1"/>
        <line num="8" count="3" type="stmt"/>
      </file>
      <file name="CardWrapper.tsx" path="C:\Projects\portfolio_projects\test_punk\src\components\BeerDetails\CardWrapper.tsx">
        <metrics statements="1" coveredstatements="1" conditionals="0" coveredconditionals="0" methods="1" coveredmethods="1"/>
        <line num="6" count="13" type="stmt"/>
      </file>
      <file name="FoodPairingCard.tsx" path="C:\Projects\portfolio_projects\test_punk\src\components\BeerDetails\FoodPairingCard.tsx">
        <metrics statements="2" coveredstatements="2" conditionals="0" coveredconditionals="0" methods="2" coveredmethods="2"/>
        <line num="8" count="1" type="stmt"/>
        <line num="13" count="2" type="stmt"/>
      </file>
      <file name="IngredientsCard.tsx" path="C:\Projects\portfolio_projects\test_punk\src\components\BeerDetails\IngredientsCard.tsx">
        <metrics statements="4" coveredstatements="4" conditionals="0" coveredconditionals="0" methods="3" coveredmethods="3"/>
        <line num="11" count="6" type="stmt"/>
        <line num="12" count="6" type="stmt"/>
        <line num="30" count="7" type="stmt"/>
        <line num="83" count="7" type="stmt"/>
      </file>
      <file name="MethodCard.tsx" path="C:\Projects\portfolio_projects\test_punk\src\components\BeerDetails\MethodCard.tsx">
        <metrics statements="2" coveredstatements="2" conditionals="5" coveredconditionals="2" methods="1" coveredmethods="1"/>
        <line num="11" count="1" type="stmt"/>
        <line num="12" count="1" type="stmt"/>
      </file>
      <file name="PackagingCard.tsx" path="C:\Projects\portfolio_projects\test_punk\src\components\BeerDetails\PackagingCard.tsx">
        <metrics statements="2" coveredstatements="2" conditionals="2" coveredconditionals="2" methods="1" coveredmethods="1"/>
        <line num="7" count="2" type="stmt"/>
        <line num="8" count="2" type="stmt"/>
      </file>
      <file name="TableLine.tsx" path="C:\Projects\portfolio_projects\test_punk\src\components\BeerDetails\TableLine.tsx">
        <metrics statements="2" coveredstatements="2" conditionals="7" coveredconditionals="7" methods="2" coveredmethods="2"/>
        <line num="10" count="39" type="stmt"/>
        <line num="19" count="95" type="stmt"/>
      </file>
    </package>
    <package name="components.BeerList">
      <metrics statements="11" coveredstatements="9" conditionals="7" coveredconditionals="6" methods="8" coveredmethods="6"/>
      <file name="BeerItem.tsx" path="C:\Projects\portfolio_projects\test_punk\src\components\BeerList\BeerItem.tsx">
        <metrics statements="3" coveredstatements="2" conditionals="5" coveredconditionals="4" methods="2" coveredmethods="1"/>
        <line num="7" count="2" type="stmt"/>
        <line num="8" count="2" type="stmt"/>
        <line num="16" count="0" type="stmt"/>
      </file>
      <file name="Pagination.tsx" path="C:\Projects\portfolio_projects\test_punk\src\components\BeerList\Pagination.tsx">
        <metrics statements="7" coveredstatements="6" conditionals="0" coveredconditionals="0" methods="5" coveredmethods="4"/>
        <line num="9" count="4" type="stmt"/>
        <line num="10" count="2" type="stmt"/>
        <line num="12" count="2" type="stmt"/>
        <line num="13" count="1" type="stmt"/>
        <line num="15" count="2" type="stmt"/>
        <line num="24" count="0" type="stmt"/>
        <line num="44" count="1" type="stmt"/>
      </file>
      <file name="PaginationButton.tsx" path="C:\Projects\portfolio_projects\test_punk\src\components\BeerList\PaginationButton.tsx">
        <metrics statements="1" coveredstatements="1" conditionals="2" coveredconditionals="2" methods="1" coveredmethods="1"/>
        <line num="11" count="7" type="stmt"/>
      </file>
    </package>
    <package name="components.common">
      <metrics statements="4" coveredstatements="4" conditionals="0" coveredconditionals="0" methods="3" coveredmethods="3"/>
      <file name="Header.tsx" path="C:\Projects\portfolio_projects\test_punk\src\components\common\Header.tsx">
        <metrics statements="1" coveredstatements="1" conditionals="0" coveredconditionals="0" methods="1" coveredmethods="1"/>
        <line num="6" count="6" type="stmt"/>
      </file>
      <file name="Loader.tsx" path="C:\Projects\portfolio_projects\test_punk\src\components\common\Loader.tsx">
        <metrics statements="2" coveredstatements="2" conditionals="0" coveredconditionals="0" methods="1" coveredmethods="1"/>
        <line num="4" count="1" type="stmt"/>
        <line num="5" count="1" type="stmt"/>
      </file>
      <file name="Text.tsx" path="C:\Projects\portfolio_projects\test_punk\src\components\common\Text.tsx">
        <metrics statements="1" coveredstatements="1" conditionals="0" coveredconditionals="0" methods="1" coveredmethods="1"/>
        <line num="4" count="159" type="stmt"/>
      </file>
    </package>
    <package name="config">
      <metrics statements="2" coveredstatements="2" conditionals="0" coveredconditionals="0" methods="1" coveredmethods="1"/>
      <file name="Provider.tsx" path="C:\Projects\portfolio_projects\test_punk\src\config\Provider.tsx">
        <metrics statements="2" coveredstatements="2" conditionals="0" coveredconditionals="0" methods="1" coveredmethods="1"/>
        <line num="10" count="34" type="stmt"/>
        <line num="15" count="34" type="stmt"/>
      </file>
      <file name="theme.tsx" path="C:\Projects\portfolio_projects\test_punk\src\config\theme.tsx">
        <metrics statements="0" coveredstatements="0" conditionals="0" coveredconditionals="0" methods="0" coveredmethods="0"/>
      </file>
    </package>
    <package name="hooks">
      <metrics statements="3" coveredstatements="3" conditionals="0" coveredconditionals="0" methods="1" coveredmethods="1"/>
      <file name="index.ts" path="C:\Projects\portfolio_projects\test_punk\src\hooks\index.ts">
        <metrics statements="3" coveredstatements="3" conditionals="0" coveredconditionals="0" methods="1" coveredmethods="1"/>
        <line num="7" count="12" type="stmt"/>
        <line num="8" count="12" type="stmt"/>
        <line num="11" count="12" type="stmt"/>
      </file>
    </package>
    <package name="redux.details">
      <metrics statements="13" coveredstatements="13" conditionals="5" coveredconditionals="5" methods="5" coveredmethods="5"/>
      <file name="actions.ts" path="C:\Projects\portfolio_projects\test_punk\src\redux\details\actions.ts">
        <metrics statements="6" coveredstatements="6" conditionals="0" coveredconditionals="0" methods="4" coveredmethods="4"/>
        <line num="5" count="1" type="stmt"/>
        <line num="6" count="1" type="stmt"/>
        <line num="8" count="1" type="stmt"/>
        <line num="9" count="1" type="stmt"/>
        <line num="11" count="1" type="stmt"/>
        <line num="13" count="1" type="stmt"/>
      </file>
      <file name="reducer.ts" path="C:\Projects\portfolio_projects\test_punk\src\redux\details\reducer.ts">
        <metrics statements="7" coveredstatements="7" conditionals="5" coveredconditionals="5" methods="1" coveredmethods="1"/>
        <line num="4" count="1" type="stmt"/>
        <line num="10" count="1" type="stmt"/>
        <line num="14" count="4" type="cond" truecount="4" falsecount="0"/>
        <line num="16" count="1" type="stmt"/>
        <line num="22" count="1" type="stmt"/>
        <line num="30" count="1" type="stmt"/>
        <line num="38" count="1" type="stmt"/>
      </file>
    </package>
    <package name="redux.list">
      <metrics statements="16" coveredstatements="16" conditionals="6" coveredconditionals="6" methods="6" coveredmethods="6"/>
      <file name="actions.ts" path="C:\Projects\portfolio_projects\test_punk\src\redux\list\actions.ts">
        <metrics statements="8" coveredstatements="8" conditionals="0" coveredconditionals="0" methods="5" coveredmethods="5"/>
        <line num="5" count="13" type="stmt"/>
        <line num="6" count="1" type="stmt"/>
        <line num="8" count="13" type="stmt"/>
        <line num="10" count="13" type="stmt"/>
        <line num="11" count="1" type="stmt"/>
        <line num="13" count="13" type="stmt"/>
        <line num="15" count="13" type="stmt"/>
        <line num="16" count="2" type="stmt"/>
      </file>
      <file name="reducer.ts" path="C:\Projects\portfolio_projects\test_punk\src\redux\list\reducer.ts">
        <metrics statements="8" coveredstatements="8" conditionals="6" coveredconditionals="6" methods="1" coveredmethods="1"/>
        <line num="4" count="1" type="stmt"/>
        <line num="11" count="1" type="stmt"/>
        <line num="15" count="5" type="cond" truecount="5" falsecount="0"/>
        <line num="17" count="1" type="stmt"/>
        <line num="23" count="1" type="stmt"/>
        <line num="31" count="1" type="stmt"/>
        <line num="39" count="1" type="stmt"/>
        <line num="46" count="1" type="stmt"/>
      </file>
    </package>
  </project>
</coverage>
