{"C:\\Projects\\portfolio_projects\\test_punk\\src\\@types\\redux_tsa.ts": {"path":"C:\\Projects\\portfolio_projects\\test_punk\\src\\@types\\redux_tsa.ts","statementMap":{},"fnMap":{},"branchMap":{},"s":{},"f":{},"b":{},"_coverageSchema":"1a1c01bbd47fc00a2c39e90264f33305004495a9","hash":"9e1eb0c8e5dd6a29003e0aa2bdeb4748071fb74e"}
,"C:\\Projects\\portfolio_projects\\test_punk\\src\\assets\\icons\\icon-fermetation.png": {"path":"C:\\Projects\\portfolio_projects\\test_punk\\src\\assets\\icons\\icon-fermetation.png","statementMap":{"0":{"start":{"line":1,"column":0},"end":{"line":1,"column":19}}},"fnMap":{},"branchMap":{},"s":{"0":12},"f":{},"b":{},"_coverageSchema":"1a1c01bbd47fc00a2c39e90264f33305004495a9","hash":"dacb3ab013394dbdbc7031dd29da47f9bfd616c7"}
,"C:\\Projects\\portfolio_projects\\test_punk\\src\\assets\\icons\\icon-food-pairing.png": {"path":"C:\\Projects\\portfolio_projects\\test_punk\\src\\assets\\icons\\icon-food-pairing.png","statementMap":{"0":{"start":{"line":1,"column":0},"end":{"line":1,"column":19}}},"fnMap":{},"branchMap":{},"s":{"0":12},"f":{},"b":{},"_coverageSchema":"1a1c01bbd47fc00a2c39e90264f33305004495a9","hash":"9992a456835ef0ddf41fe5bfce85c9df0dfe2f99"}
,"C:\\Projects\\portfolio_projects\\test_punk\\src\\assets\\icons\\icon-hops.png": {"path":"C:\\Projects\\portfolio_projects\\test_punk\\src\\assets\\icons\\icon-hops.png","statementMap":{"0":{"start":{"line":1,"column":0},"end":{"line":1,"column":19}}},"fnMap":{},"branchMap":{},"s":{"0":12},"f":{},"b":{},"_coverageSchema":"1a1c01bbd47fc00a2c39e90264f33305004495a9","hash":"14bb6808a62cac8f1339c1074238f2a88ed6e4a2"}
,"C:\\Projects\\portfolio_projects\\test_punk\\src\\assets\\icons\\icon-malt.png": {"path":"C:\\Projects\\portfolio_projects\\test_punk\\src\\assets\\icons\\icon-malt.png","statementMap":{"0":{"start":{"line":1,"column":0},"end":{"line":1,"column":19}}},"fnMap":{},"branchMap":{},"s":{"0":12},"f":{},"b":{},"_coverageSchema":"1a1c01bbd47fc00a2c39e90264f33305004495a9","hash":"143404ec58cda3788060d3b60497c9095b5ad7f0"}
,"C:\\Projects\\portfolio_projects\\test_punk\\src\\assets\\icons\\icon-mash.png": {"path":"C:\\Projects\\portfolio_projects\\test_punk\\src\\assets\\icons\\icon-mash.png","statementMap":{"0":{"start":{"line":1,"column":0},"end":{"line":1,"column":19}}},"fnMap":{},"branchMap":{},"s":{"0":12},"f":{},"b":{},"_coverageSchema":"1a1c01bbd47fc00a2c39e90264f33305004495a9","hash":"03fd3d3412211424a0b64e4c71cfb162f422e9ec"}
,"C:\\Projects\\portfolio_projects\\test_punk\\src\\assets\\icons\\icon-tip.png": {"path":"C:\\Projects\\portfolio_projects\\test_punk\\src\\assets\\icons\\icon-tip.png","statementMap":{"0":{"start":{"line":1,"column":0},"end":{"line":1,"column":19}}},"fnMap":{},"branchMap":{},"s":{"0":12},"f":{},"b":{},"_coverageSchema":"1a1c01bbd47fc00a2c39e90264f33305004495a9","hash":"de464173d97b5a9fa4cf01c621749bfa33e7bd81"}
,"C:\\Projects\\portfolio_projects\\test_punk\\src\\assets\\icons\\icon-twist.png": {"path":"C:\\Projects\\portfolio_projects\\test_punk\\src\\assets\\icons\\icon-twist.png","statementMap":{"0":{"start":{"line":1,"column":0},"end":{"line":1,"column":19}}},"fnMap":{},"branchMap":{},"s":{"0":12},"f":{},"b":{},"_coverageSchema":"1a1c01bbd47fc00a2c39e90264f33305004495a9","hash":"b39f705db0f195cd269eb39737eb14c3176b982f"}
,"C:\\Projects\\portfolio_projects\\test_punk\\src\\assets\\icons\\icon-yeast.png": {"path":"C:\\Projects\\portfolio_projects\\test_punk\\src\\assets\\icons\\icon-yeast.png","statementMap":{"0":{"start":{"line":1,"column":0},"end":{"line":1,"column":19}}},"fnMap":{},"branchMap":{},"s":{"0":12},"f":{},"b":{},"_coverageSchema":"1a1c01bbd47fc00a2c39e90264f33305004495a9","hash":"5fa6068bbac3d1f681add24dc5ff5b3b337cdf9f"}
,"C:\\Projects\\portfolio_projects\\test_punk\\src\\assets\\images\\logo.png": {"path":"C:\\Projects\\portfolio_projects\\test_punk\\src\\assets\\images\\logo.png","statementMap":{"0":{"start":{"line":1,"column":0},"end":{"line":1,"column":19}}},"fnMap":{},"branchMap":{},"s":{"0":12},"f":{},"b":{},"_coverageSchema":"1a1c01bbd47fc00a2c39e90264f33305004495a9","hash":"8943195a5a0ce37c1b0ca5185a60fda45fc761bc"}
,"C:\\Projects\\portfolio_projects\\test_punk\\src\\components\\index.ts": {"path":"C:\\Projects\\portfolio_projects\\test_punk\\src\\components\\index.ts","statementMap":{},"fnMap":{},"branchMap":{},"s":{},"f":{},"b":{},"_coverageSchema":"1a1c01bbd47fc00a2c39e90264f33305004495a9","hash":"82c41868bfa29d6fb4bd8a44d924f2abda1c9ac2"}
,"C:\\Projects\\portfolio_projects\\test_punk\\src\\components\\BeerDetails\\BasicsCard.tsx": {"path":"C:\\Projects\\portfolio_projects\\test_punk\\src\\components\\BeerDetails\\BasicsCard.tsx","statementMap":{"0":{"start":{"line":7,"column":26},"end":{"line":10,"column":3}},"1":{"start":{"line":11,"column":20},"end":{"line":93,"column":3}},"2":{"start":{"line":94,"column":2},"end":{"line":106,"column":4}},"3":{"start":{"line":98,"column":10},"end":{"line":102,"column":12}}},"fnMap":{"0":{"name":"BasicsCard","decl":{"start":{"line":6,"column":24},"end":{"line":6,"column":34}},"loc":{"start":{"line":6,"column":65},"end":{"line":107,"column":1}},"line":6},"1":{"name":"(anonymous_1)","decl":{"start":{"line":97,"column":23},"end":{"line":97,"column":24}},"loc":{"start":{"line":98,"column":10},"end":{"line":102,"column":12}},"line":98}},"branchMap":{},"s":{"0":1,"1":1,"2":1,"3":9},"f":{"0":1,"1":9},"b":{},"_coverageSchema":"1a1c01bbd47fc00a2c39e90264f33305004495a9","hash":"b65504f0986ea3cbc6aa7d4321e9b714ab79a6c0"}
,"C:\\Projects\\portfolio_projects\\test_punk\\src\\components\\BeerDetails\\BrewersTipCard.tsx": {"path":"C:\\Projects\\portfolio_projects\\test_punk\\src\\components\\BeerDetails\\BrewersTipCard.tsx","statementMap":{"0":{"start":{"line":8,"column":2},"end":{"line":26,"column":4}}},"fnMap":{"0":{"name":"BrewersTipCard","decl":{"start":{"line":7,"column":24},"end":{"line":7,"column":38}},"loc":{"start":{"line":7,"column":69},"end":{"line":27,"column":1}},"line":7}},"branchMap":{},"s":{"0":3},"f":{"0":3},"b":{},"_coverageSchema":"1a1c01bbd47fc00a2c39e90264f33305004495a9","hash":"852b5743f70b8b367d82ab269c56fd11cd56e5e7"}
,"C:\\Projects\\portfolio_projects\\test_punk\\src\\components\\BeerDetails\\CardWrapper.tsx": {"path":"C:\\Projects\\portfolio_projects\\test_punk\\src\\components\\BeerDetails\\CardWrapper.tsx","statementMap":{"0":{"start":{"line":6,"column":2},"end":{"line":15,"column":4}}},"fnMap":{"0":{"name":"CardWrapper","decl":{"start":{"line":5,"column":24},"end":{"line":5,"column":35}},"loc":{"start":{"line":5,"column":73},"end":{"line":16,"column":1}},"line":5}},"branchMap":{},"s":{"0":13},"f":{"0":13},"b":{},"_coverageSchema":"1a1c01bbd47fc00a2c39e90264f33305004495a9","hash":"53bc27aac3e9e1228b3b8fb8409a3701e09987d0"}
,"C:\\Projects\\portfolio_projects\\test_punk\\src\\components\\BeerDetails\\FoodPairingCard.tsx": {"path":"C:\\Projects\\portfolio_projects\\test_punk\\src\\components\\BeerDetails\\FoodPairingCard.tsx","statementMap":{"0":{"start":{"line":8,"column":2},"end":{"line":24,"column":4}},"1":{"start":{"line":13,"column":10},"end":{"line":20,"column":12}}},"fnMap":{"0":{"name":"FoodPairingCard","decl":{"start":{"line":7,"column":24},"end":{"line":7,"column":39}},"loc":{"start":{"line":7,"column":70},"end":{"line":25,"column":1}},"line":7},"1":{"name":"(anonymous_1)","decl":{"start":{"line":12,"column":34},"end":{"line":12,"column":35}},"loc":{"start":{"line":13,"column":10},"end":{"line":20,"column":12}},"line":13}},"branchMap":{},"s":{"0":1,"1":2},"f":{"0":1,"1":2},"b":{},"_coverageSchema":"1a1c01bbd47fc00a2c39e90264f33305004495a9","hash":"e88efff3d47923462228720aea1291613305cf7d"}
,"C:\\Projects\\portfolio_projects\\test_punk\\src\\components\\BeerDetails\\IngredientsCard.tsx": {"path":"C:\\Projects\\portfolio_projects\\test_punk\\src\\components\\BeerDetails\\IngredientsCard.tsx","statementMap":{"0":{"start":{"line":11,"column":32},"end":{"line":11,"column":51}},"1":{"start":{"line":12,"column":2},"end":{"line":124,"column":4}},"2":{"start":{"line":30,"column":12},"end":{"line":40,"column":14}},"3":{"start":{"line":83,"column":12},"end":{"line":99,"column":14}}},"fnMap":{"0":{"name":"IngredientsCard","decl":{"start":{"line":10,"column":24},"end":{"line":10,"column":39}},"loc":{"start":{"line":10,"column":70},"end":{"line":125,"column":1}},"line":10},"1":{"name":"(anonymous_1)","decl":{"start":{"line":29,"column":20},"end":{"line":29,"column":21}},"loc":{"start":{"line":30,"column":12},"end":{"line":40,"column":14}},"line":30},"2":{"name":"(anonymous_2)","decl":{"start":{"line":82,"column":20},"end":{"line":82,"column":21}},"loc":{"start":{"line":83,"column":12},"end":{"line":99,"column":14}},"line":83}},"branchMap":{},"s":{"0":6,"1":6,"2":7,"3":7},"f":{"0":6,"1":7,"2":7},"b":{},"_coverageSchema":"1a1c01bbd47fc00a2c39e90264f33305004495a9","hash":"b9a13b91c937966a9ab32cd75e7d01e8b9f93b82"}
,"C:\\Projects\\portfolio_projects\\test_punk\\src\\components\\BeerDetails\\MethodCard.tsx": {"path":"C:\\Projects\\portfolio_projects\\test_punk\\src\\components\\BeerDetails\\MethodCard.tsx","statementMap":{"0":{"start":{"line":11,"column":45},"end":{"line":11,"column":59}},"1":{"start":{"line":12,"column":2},"end":{"line":73,"column":4}}},"fnMap":{"0":{"name":"MethodCard","decl":{"start":{"line":10,"column":24},"end":{"line":10,"column":34}},"loc":{"start":{"line":10,"column":65},"end":{"line":74,"column":1}},"line":10}},"branchMap":{"0":{"loc":{"start":{"line":29,"column":20},"end":{"line":29,"column":79}},"type":"cond-expr","locations":[{"start":{"line":29,"column":44},"end":{"line":29,"column":74}},{"start":{"line":29,"column":77},"end":{"line":29,"column":79}}],"line":29},"1":{"loc":{"start":{"line":54,"column":9},"end":{"line":70,"column":9}},"type":"binary-expr","locations":[{"start":{"line":54,"column":9},"end":{"line":54,"column":14}},{"start":{"line":54,"column":18},"end":{"line":54,"column":35}},{"start":{"line":55,"column":10},"end":{"line":69,"column":13}}],"line":54}},"s":{"0":1,"1":1},"f":{"0":1},"b":{"0":[1,0],"1":[1,0,0]},"_coverageSchema":"1a1c01bbd47fc00a2c39e90264f33305004495a9","hash":"a983bab39979e6a5fa05e4d73a6eaf3a57c1fcfa"}
,"C:\\Projects\\portfolio_projects\\test_punk\\src\\components\\BeerDetails\\PackagingCard.tsx": {"path":"C:\\Projects\\portfolio_projects\\test_punk\\src\\components\\BeerDetails\\PackagingCard.tsx","statementMap":{"0":{"start":{"line":7,"column":21},"end":{"line":7,"column":45}},"1":{"start":{"line":8,"column":2},"end":{"line":29,"column":4}}},"fnMap":{"0":{"name":"PackagingCard","decl":{"start":{"line":6,"column":24},"end":{"line":6,"column":37}},"loc":{"start":{"line":6,"column":69},"end":{"line":30,"column":1}},"line":6}},"branchMap":{"0":{"loc":{"start":{"line":14,"column":9},"end":{"line":26,"column":9}},"type":"binary-expr","locations":[{"start":{"line":14,"column":9},"end":{"line":14,"column":14}},{"start":{"line":15,"column":10},"end":{"line":25,"column":12}}],"line":14}},"s":{"0":2,"1":2},"f":{"0":2},"b":{"0":[2,2]},"_coverageSchema":"1a1c01bbd47fc00a2c39e90264f33305004495a9","hash":"4688330941ae85d9bad60c7e90c8031ae6515a9a"}
,"C:\\Projects\\portfolio_projects\\test_punk\\src\\components\\BeerDetails\\TableLine.tsx": {"path":"C:\\Projects\\portfolio_projects\\test_punk\\src\\components\\BeerDetails\\TableLine.tsx","statementMap":{"0":{"start":{"line":10,"column":2},"end":{"line":30,"column":4}},"1":{"start":{"line":19,"column":8},"end":{"line":27,"column":15}}},"fnMap":{"0":{"name":"TableLine","decl":{"start":{"line":5,"column":24},"end":{"line":5,"column":33}},"loc":{"start":{"line":9,"column":19},"end":{"line":31,"column":1}},"line":9},"1":{"name":"(anonymous_1)","decl":{"start":{"line":18,"column":17},"end":{"line":18,"column":18}},"loc":{"start":{"line":19,"column":8},"end":{"line":27,"column":15}},"line":19}},"branchMap":{"0":{"loc":{"start":{"line":7,"column":2},"end":{"line":7,"column":16}},"type":"default-arg","locations":[{"start":{"line":7,"column":12},"end":{"line":7,"column":16}}],"line":7},"1":{"loc":{"start":{"line":13,"column":10},"end":{"line":13,"column":25}},"type":"cond-expr","locations":[{"start":{"line":13,"column":20},"end":{"line":13,"column":21}},{"start":{"line":13,"column":24},"end":{"line":13,"column":25}}],"line":13},"2":{"loc":{"start":{"line":15,"column":25},"end":{"line":15,"column":40}},"type":"cond-expr","locations":[{"start":{"line":15,"column":35},"end":{"line":15,"column":36}},{"start":{"line":15,"column":39},"end":{"line":15,"column":40}}],"line":15},"3":{"loc":{"start":{"line":21,"column":21},"end":{"line":21,"column":52}},"type":"cond-expr","locations":[{"start":{"line":21,"column":35},"end":{"line":21,"column":41}},{"start":{"line":21,"column":44},"end":{"line":21,"column":52}}],"line":21}},"s":{"0":39,"1":95},"f":{"0":39,"1":95},"b":{"0":[30],"1":[38,1],"2":[38,1],"3":[39,56]},"_coverageSchema":"1a1c01bbd47fc00a2c39e90264f33305004495a9","hash":"e563c3b48a12bb7db96777c4a1521324568ac2f8"}
,"C:\\Projects\\portfolio_projects\\test_punk\\src\\components\\BeerList\\BeerItem.tsx": {"path":"C:\\Projects\\portfolio_projects\\test_punk\\src\\components\\BeerList\\BeerItem.tsx","statementMap":{"0":{"start":{"line":7,"column":23},"end":{"line":7,"column":41}},"1":{"start":{"line":8,"column":2},"end":{"line":50,"column":4}},"2":{"start":{"line":16,"column":21},"end":{"line":16,"column":62}}},"fnMap":{"0":{"name":"BeerItem","decl":{"start":{"line":6,"column":24},"end":{"line":6,"column":32}},"loc":{"start":{"line":6,"column":77},"end":{"line":51,"column":1}},"line":6},"1":{"name":"(anonymous_1)","decl":{"start":{"line":16,"column":15},"end":{"line":16,"column":16}},"loc":{"start":{"line":16,"column":21},"end":{"line":16,"column":62}},"line":16}},"branchMap":{"0":{"loc":{"start":{"line":15,"column":10},"end":{"line":15,"column":45}},"type":"cond-expr","locations":[{"start":{"line":15,"column":25},"end":{"line":15,"column":35}},{"start":{"line":15,"column":38},"end":{"line":15,"column":45}}],"line":15},"1":{"loc":{"start":{"line":18,"column":7},"end":{"line":30,"column":7}},"type":"binary-expr","locations":[{"start":{"line":18,"column":7},"end":{"line":18,"column":16}},{"start":{"line":18,"column":20},"end":{"line":18,"column":41}},{"start":{"line":19,"column":8},"end":{"line":29,"column":10}}],"line":18}},"s":{"0":2,"1":2,"2":0},"f":{"0":2,"1":0},"b":{"0":[0,2],"1":[2,1,1]},"_coverageSchema":"1a1c01bbd47fc00a2c39e90264f33305004495a9","hash":"8fbaf4826309e36f914ffcd8caa3247b26c9d5a0"}
,"C:\\Projects\\portfolio_projects\\test_punk\\src\\components\\BeerList\\Pagination.tsx": {"path":"C:\\Projects\\portfolio_projects\\test_punk\\src\\components\\BeerList\\Pagination.tsx","statementMap":{"0":{"start":{"line":9,"column":26},"end":{"line":9,"column":63}},"1":{"start":{"line":9,"column":52},"end":{"line":9,"column":62}},"2":{"start":{"line":10,"column":19},"end":{"line":10,"column":32}},"3":{"start":{"line":12,"column":27},"end":{"line":14,"column":3}},"4":{"start":{"line":13,"column":4},"end":{"line":13,"column":35}},"5":{"start":{"line":15,"column":2},"end":{"line":48,"column":4}},"6":{"start":{"line":24,"column":23},"end":{"line":24,"column":56}},"7":{"start":{"line":44,"column":23},"end":{"line":44,"column":56}}},"fnMap":{"0":{"name":"Pagination","decl":{"start":{"line":8,"column":24},"end":{"line":8,"column":34}},"loc":{"start":{"line":8,"column":37},"end":{"line":49,"column":1}},"line":8},"1":{"name":"(anonymous_1)","decl":{"start":{"line":9,"column":41},"end":{"line":9,"column":42}},"loc":{"start":{"line":9,"column":52},"end":{"line":9,"column":62}},"line":9},"2":{"name":"(anonymous_2)","decl":{"start":{"line":12,"column":27},"end":{"line":12,"column":28}},"loc":{"start":{"line":12,"column":45},"end":{"line":14,"column":3}},"line":12},"3":{"name":"(anonymous_3)","decl":{"start":{"line":24,"column":17},"end":{"line":24,"column":18}},"loc":{"start":{"line":24,"column":23},"end":{"line":24,"column":56}},"line":24},"4":{"name":"(anonymous_4)","decl":{"start":{"line":44,"column":17},"end":{"line":44,"column":18}},"loc":{"start":{"line":44,"column":23},"end":{"line":44,"column":56}},"line":44}},"branchMap":{},"s":{"0":2,"1":4,"2":2,"3":2,"4":1,"5":2,"6":0,"7":1},"f":{"0":2,"1":4,"2":1,"3":0,"4":1},"b":{},"_coverageSchema":"1a1c01bbd47fc00a2c39e90264f33305004495a9","hash":"108a9b27908a217e9753ecccb06eb83d9c3b37a6"}
,"C:\\Projects\\portfolio_projects\\test_punk\\src\\components\\BeerList\\PaginationButton.tsx": {"path":"C:\\Projects\\portfolio_projects\\test_punk\\src\\components\\BeerList\\PaginationButton.tsx","statementMap":{"0":{"start":{"line":11,"column":2},"end":{"line":29,"column":4}}},"fnMap":{"0":{"name":"PaginationButton","decl":{"start":{"line":5,"column":24},"end":{"line":5,"column":40}},"loc":{"start":{"line":10,"column":26},"end":{"line":30,"column":1}},"line":10}},"branchMap":{"0":{"loc":{"start":{"line":13,"column":15},"end":{"line":13,"column":33}},"type":"cond-expr","locations":[{"start":{"line":13,"column":28},"end":{"line":13,"column":29}},{"start":{"line":13,"column":32},"end":{"line":13,"column":33}}],"line":13}},"s":{"0":7},"f":{"0":7},"b":{"0":[3,4]},"_coverageSchema":"1a1c01bbd47fc00a2c39e90264f33305004495a9","hash":"2ae13171c33cd1714a6a7decd36d0622b2172671"}
,"C:\\Projects\\portfolio_projects\\test_punk\\src\\components\\common\\Header.tsx": {"path":"C:\\Projects\\portfolio_projects\\test_punk\\src\\components\\common\\Header.tsx","statementMap":{"0":{"start":{"line":6,"column":2},"end":{"line":26,"column":4}}},"fnMap":{"0":{"name":"Header","decl":{"start":{"line":5,"column":24},"end":{"line":5,"column":30}},"loc":{"start":{"line":5,"column":33},"end":{"line":27,"column":1}},"line":5}},"branchMap":{},"s":{"0":6},"f":{"0":6},"b":{},"_coverageSchema":"1a1c01bbd47fc00a2c39e90264f33305004495a9","hash":"4618a966af9637e901cc938626fa5f5930556841"}
,"C:\\Projects\\portfolio_projects\\test_punk\\src\\components\\common\\Loader.tsx": {"path":"C:\\Projects\\portfolio_projects\\test_punk\\src\\components\\common\\Loader.tsx","statementMap":{"0":{"start":{"line":4,"column":21},"end":{"line":4,"column":31}},"1":{"start":{"line":5,"column":2},"end":{"line":9,"column":4}}},"fnMap":{"0":{"name":"Loader","decl":{"start":{"line":3,"column":24},"end":{"line":3,"column":30}},"loc":{"start":{"line":3,"column":33},"end":{"line":10,"column":1}},"line":3}},"branchMap":{},"s":{"0":1,"1":1},"f":{"0":1},"b":{},"_coverageSchema":"1a1c01bbd47fc00a2c39e90264f33305004495a9","hash":"6b7480312eeb1ce583f0c3a3575c50ffaf980d6f"}
,"C:\\Projects\\portfolio_projects\\test_punk\\src\\components\\common\\Text.tsx": {"path":"C:\\Projects\\portfolio_projects\\test_punk\\src\\components\\common\\Text.tsx","statementMap":{"0":{"start":{"line":4,"column":2},"end":{"line":12,"column":4}}},"fnMap":{"0":{"name":"Text","decl":{"start":{"line":3,"column":24},"end":{"line":3,"column":28}},"loc":{"start":{"line":3,"column":48},"end":{"line":13,"column":1}},"line":3}},"branchMap":{},"s":{"0":159},"f":{"0":159},"b":{},"_coverageSchema":"1a1c01bbd47fc00a2c39e90264f33305004495a9","hash":"610376939f43326d843c2d1d4ace3c69c2d254f2"}
,"C:\\Projects\\portfolio_projects\\test_punk\\src\\config\\Provider.tsx": {"path":"C:\\Projects\\portfolio_projects\\test_punk\\src\\config\\Provider.tsx","statementMap":{"0":{"start":{"line":10,"column":16},"end":{"line":13,"column":3}},"1":{"start":{"line":15,"column":2},"end":{"line":19,"column":4}}},"fnMap":{"0":{"name":"Provider","decl":{"start":{"line":5,"column":24},"end":{"line":5,"column":32}},"loc":{"start":{"line":9,"column":3},"end":{"line":20,"column":1}},"line":9}},"branchMap":{},"s":{"0":34,"1":34},"f":{"0":34},"b":{},"_coverageSchema":"1a1c01bbd47fc00a2c39e90264f33305004495a9","hash":"f2c671706b44898784b3c1dfa1edea6d74d13d33"}
,"C:\\Projects\\portfolio_projects\\test_punk\\src\\config\\theme.tsx": {"path":"C:\\Projects\\portfolio_projects\\test_punk\\src\\config\\theme.tsx","statementMap":{},"fnMap":{},"branchMap":{},"s":{},"f":{},"b":{},"_coverageSchema":"1a1c01bbd47fc00a2c39e90264f33305004495a9","hash":"f9dccecb2a60288e2be6cd4fc63ec8fdad81b6b0"}
,"C:\\Projects\\portfolio_projects\\test_punk\\src\\hooks\\index.ts": {"path":"C:\\Projects\\portfolio_projects\\test_punk\\src\\hooks\\index.ts","statementMap":{"0":{"start":{"line":7,"column":49},"end":{"line":7,"column":60}},"1":{"start":{"line":8,"column":63},"end":{"line":8,"column":74}},"2":{"start":{"line":11,"column":32},"end":{"line":11,"column":68}},"3":{"start":{"line":11,"column":38},"end":{"line":11,"column":68}}},"fnMap":{"0":{"name":"(anonymous_0)","decl":{"start":{"line":11,"column":32},"end":{"line":11,"column":33}},"loc":{"start":{"line":11,"column":38},"end":{"line":11,"column":68}},"line":11}},"branchMap":{},"s":{"0":12,"1":12,"2":12,"3":2},"f":{"0":2},"b":{},"_coverageSchema":"1a1c01bbd47fc00a2c39e90264f33305004495a9","hash":"5d25c25d1d1264143abc0d3fcf71b5410503a591"}
,"C:\\Projects\\portfolio_projects\\test_punk\\src\\redux\\details\\actions.ts": {"path":"C:\\Projects\\portfolio_projects\\test_punk\\src\\redux\\details\\actions.ts","statementMap":{"0":{"start":{"line":5,"column":35},"end":{"line":6,"column":48}},"1":{"start":{"line":6,"column":2},"end":{"line":6,"column":48}},"2":{"start":{"line":8,"column":36},"end":{"line":9,"column":49}},"3":{"start":{"line":9,"column":2},"end":{"line":9,"column":49}},"4":{"start":{"line":11,"column":25},"end":{"line":11,"column":65}},"5":{"start":{"line":11,"column":31},"end":{"line":11,"column":65}},"6":{"start":{"line":13,"column":27},"end":{"line":13,"column":69}},"7":{"start":{"line":13,"column":33},"end":{"line":13,"column":69}}},"fnMap":{"0":{"name":"(anonymous_0)","decl":{"start":{"line":5,"column":35},"end":{"line":5,"column":36}},"loc":{"start":{"line":6,"column":2},"end":{"line":6,"column":48}},"line":6},"1":{"name":"(anonymous_1)","decl":{"start":{"line":8,"column":36},"end":{"line":8,"column":37}},"loc":{"start":{"line":9,"column":2},"end":{"line":9,"column":49}},"line":9},"2":{"name":"(anonymous_2)","decl":{"start":{"line":11,"column":25},"end":{"line":11,"column":26}},"loc":{"start":{"line":11,"column":31},"end":{"line":11,"column":65}},"line":11},"3":{"name":"(anonymous_3)","decl":{"start":{"line":13,"column":27},"end":{"line":13,"column":28}},"loc":{"start":{"line":13,"column":33},"end":{"line":13,"column":69}},"line":13}},"branchMap":{},"s":{"0":1,"1":1,"2":1,"3":1,"4":1,"5":1,"6":1,"7":1},"f":{"0":1,"1":1,"2":1,"3":1},"b":{},"_coverageSchema":"1a1c01bbd47fc00a2c39e90264f33305004495a9","hash":"cf82185770c0e7aa5ff9849aebf887477a1641c2"}
,"C:\\Projects\\portfolio_projects\\test_punk\\src\\redux\\details\\reducer.ts": {"path":"C:\\Projects\\portfolio_projects\\test_punk\\src\\redux\\details\\reducer.ts","statementMap":{"0":{"start":{"line":4,"column":36},"end":{"line":8,"column":1}},"1":{"start":{"line":10,"column":46},"end":{"line":40,"column":1}},"2":{"start":{"line":14,"column":2},"end":{"line":39,"column":3}},"3":{"start":{"line":16,"column":6},"end":{"line":19,"column":8}},"4":{"start":{"line":22,"column":6},"end":{"line":27,"column":8}},"5":{"start":{"line":30,"column":6},"end":{"line":35,"column":8}},"6":{"start":{"line":38,"column":6},"end":{"line":38,"column":19}}},"fnMap":{"0":{"name":"(anonymous_0)","decl":{"start":{"line":10,"column":46},"end":{"line":10,"column":47}},"loc":{"start":{"line":13,"column":5},"end":{"line":40,"column":1}},"line":13}},"branchMap":{"0":{"loc":{"start":{"line":11,"column":2},"end":{"line":11,"column":23}},"type":"default-arg","locations":[{"start":{"line":11,"column":10},"end":{"line":11,"column":23}}],"line":11},"1":{"loc":{"start":{"line":14,"column":2},"end":{"line":39,"column":3}},"type":"switch","locations":[{"start":{"line":15,"column":4},"end":{"line":20,"column":5}},{"start":{"line":21,"column":4},"end":{"line":28,"column":5}},{"start":{"line":29,"column":4},"end":{"line":36,"column":5}},{"start":{"line":37,"column":4},"end":{"line":38,"column":19}}],"line":14}},"s":{"0":1,"1":1,"2":4,"3":1,"4":1,"5":1,"6":1},"f":{"0":4},"b":{"0":[4],"1":[1,1,1,1]},"_coverageSchema":"1a1c01bbd47fc00a2c39e90264f33305004495a9","hash":"0f804d6aefce03633ed0ee04c7966d3571740131"}
,"C:\\Projects\\portfolio_projects\\test_punk\\src\\redux\\list\\actions.ts": {"path":"C:\\Projects\\portfolio_projects\\test_punk\\src\\redux\\list\\actions.ts","statementMap":{"0":{"start":{"line":5,"column":30},"end":{"line":6,"column":43}},"1":{"start":{"line":6,"column":2},"end":{"line":6,"column":43}},"2":{"start":{"line":8,"column":25},"end":{"line":8,"column":62}},"3":{"start":{"line":8,"column":31},"end":{"line":8,"column":62}},"4":{"start":{"line":10,"column":27},"end":{"line":11,"column":47}},"5":{"start":{"line":11,"column":2},"end":{"line":11,"column":47}},"6":{"start":{"line":13,"column":27},"end":{"line":13,"column":66}},"7":{"start":{"line":13,"column":33},"end":{"line":13,"column":66}},"8":{"start":{"line":15,"column":30},"end":{"line":16,"column":46}},"9":{"start":{"line":16,"column":2},"end":{"line":16,"column":46}}},"fnMap":{"0":{"name":"(anonymous_0)","decl":{"start":{"line":5,"column":30},"end":{"line":5,"column":31}},"loc":{"start":{"line":6,"column":2},"end":{"line":6,"column":43}},"line":6},"1":{"name":"(anonymous_1)","decl":{"start":{"line":8,"column":25},"end":{"line":8,"column":26}},"loc":{"start":{"line":8,"column":31},"end":{"line":8,"column":62}},"line":8},"2":{"name":"(anonymous_2)","decl":{"start":{"line":10,"column":27},"end":{"line":10,"column":28}},"loc":{"start":{"line":11,"column":2},"end":{"line":11,"column":47}},"line":11},"3":{"name":"(anonymous_3)","decl":{"start":{"line":13,"column":27},"end":{"line":13,"column":28}},"loc":{"start":{"line":13,"column":33},"end":{"line":13,"column":66}},"line":13},"4":{"name":"(anonymous_4)","decl":{"start":{"line":15,"column":30},"end":{"line":15,"column":31}},"loc":{"start":{"line":16,"column":2},"end":{"line":16,"column":46}},"line":16}},"branchMap":{},"s":{"0":13,"1":1,"2":13,"3":1,"4":13,"5":1,"6":13,"7":1,"8":13,"9":2},"f":{"0":1,"1":1,"2":1,"3":1,"4":2},"b":{},"_coverageSchema":"1a1c01bbd47fc00a2c39e90264f33305004495a9","hash":"00028d31d6d32235c1d6a6f9536a9e6ba79cbbc9"}
,"C:\\Projects\\portfolio_projects\\test_punk\\src\\redux\\list\\reducer.ts": {"path":"C:\\Projects\\portfolio_projects\\test_punk\\src\\redux\\list\\reducer.ts","statementMap":{"0":{"start":{"line":4,"column":33},"end":{"line":9,"column":1}},"1":{"start":{"line":11,"column":40},"end":{"line":48,"column":1}},"2":{"start":{"line":15,"column":2},"end":{"line":47,"column":3}},"3":{"start":{"line":17,"column":6},"end":{"line":20,"column":8}},"4":{"start":{"line":23,"column":6},"end":{"line":28,"column":8}},"5":{"start":{"line":31,"column":6},"end":{"line":36,"column":8}},"6":{"start":{"line":39,"column":6},"end":{"line":42,"column":8}},"7":{"start":{"line":46,"column":6},"end":{"line":46,"column":19}}},"fnMap":{"0":{"name":"(anonymous_0)","decl":{"start":{"line":11,"column":40},"end":{"line":11,"column":41}},"loc":{"start":{"line":14,"column":5},"end":{"line":48,"column":1}},"line":14}},"branchMap":{"0":{"loc":{"start":{"line":12,"column":2},"end":{"line":12,"column":23}},"type":"default-arg","locations":[{"start":{"line":12,"column":10},"end":{"line":12,"column":23}}],"line":12},"1":{"loc":{"start":{"line":15,"column":2},"end":{"line":47,"column":3}},"type":"switch","locations":[{"start":{"line":16,"column":4},"end":{"line":21,"column":5}},{"start":{"line":22,"column":4},"end":{"line":29,"column":5}},{"start":{"line":30,"column":4},"end":{"line":37,"column":5}},{"start":{"line":38,"column":4},"end":{"line":43,"column":5}},{"start":{"line":45,"column":4},"end":{"line":46,"column":19}}],"line":15}},"s":{"0":1,"1":1,"2":5,"3":1,"4":1,"5":1,"6":1,"7":1},"f":{"0":5},"b":{"0":[5],"1":[1,1,1,1,1]},"_coverageSchema":"1a1c01bbd47fc00a2c39e90264f33305004495a9","hash":"64f4d9e44596fc5e0b861b1bc864f0b949494255"}
}
