TN:
SF:src\@types\redux_tsa.ts
FNF:0
FNH:0
LF:0
LH:0
BRF:0
BRH:0
end_of_record
TN:
SF:src\assets\icons\icon-fermetation.png
FNF:0
FNH:0
DA:1,12
LF:1
LH:1
BRF:0
BRH:0
end_of_record
TN:
SF:src\assets\icons\icon-food-pairing.png
FNF:0
FNH:0
DA:1,12
LF:1
LH:1
BRF:0
BRH:0
end_of_record
TN:
SF:src\assets\icons\icon-hops.png
FNF:0
FNH:0
DA:1,12
LF:1
LH:1
BRF:0
BRH:0
end_of_record
TN:
SF:src\assets\icons\icon-malt.png
FNF:0
FNH:0
DA:1,12
LF:1
LH:1
BRF:0
BRH:0
end_of_record
TN:
SF:src\assets\icons\icon-mash.png
FNF:0
FNH:0
DA:1,12
LF:1
LH:1
BRF:0
BRH:0
end_of_record
TN:
SF:src\assets\icons\icon-tip.png
FNF:0
FNH:0
DA:1,12
LF:1
LH:1
BRF:0
BRH:0
end_of_record
TN:
SF:src\assets\icons\icon-twist.png
FNF:0
FNH:0
DA:1,12
LF:1
LH:1
BRF:0
BRH:0
end_of_record
TN:
SF:src\assets\icons\icon-yeast.png
FNF:0
FNH:0
DA:1,12
LF:1
LH:1
BRF:0
BRH:0
end_of_record
TN:
SF:src\assets\images\logo.png
FNF:0
FNH:0
DA:1,12
LF:1
LH:1
BRF:0
BRH:0
end_of_record
TN:
SF:src\components\index.ts
FNF:0
FNH:0
LF:0
LH:0
BRF:0
BRH:0
end_of_record
TN:
SF:src\components\BeerDetails\BasicsCard.tsx
FN:6,BasicsCard
FN:97,(anonymous_1)
FNF:2
FNH:2
FNDA:1,BasicsCard
FNDA:9,(anonymous_1)
DA:7,1
DA:11,1
DA:94,1
DA:98,9
LF:4
LH:4
BRF:0
BRH:0
end_of_record
TN:
SF:src\components\BeerDetails\BrewersTipCard.tsx
FN:7,BrewersTipCard
FNF:1
FNH:1
FNDA:3,BrewersTipCard
DA:8,3
LF:1
LH:1
BRF:0
BRH:0
end_of_record
TN:
SF:src\components\BeerDetails\CardWrapper.tsx
FN:5,CardWrapper
FNF:1
FNH:1
FNDA:13,CardWrapper
DA:6,13
LF:1
LH:1
BRF:0
BRH:0
end_of_record
TN:
SF:src\components\BeerDetails\FoodPairingCard.tsx
FN:7,FoodPairingCard
FN:12,(anonymous_1)
FNF:2
FNH:2
FNDA:1,FoodPairingCard
FNDA:2,(anonymous_1)
DA:8,1
DA:13,2
LF:2
LH:2
BRF:0
BRH:0
end_of_record
TN:
SF:src\components\BeerDetails\IngredientsCard.tsx
FN:10,IngredientsCard
FN:29,(anonymous_1)
FN:82,(anonymous_2)
FNF:3
FNH:3
FNDA:6,IngredientsCard
FNDA:7,(anonymous_1)
FNDA:7,(anonymous_2)
DA:11,6
DA:12,6
DA:30,7
DA:83,7
LF:4
LH:4
BRF:0
BRH:0
end_of_record
TN:
SF:src\components\BeerDetails\MethodCard.tsx
FN:10,MethodCard
FNF:1
FNH:1
FNDA:1,MethodCard
DA:11,1
DA:12,1
LF:2
LH:2
BRDA:29,0,0,1
BRDA:29,0,1,0
BRDA:54,1,0,1
BRDA:54,1,1,0
BRDA:54,1,2,0
BRF:5
BRH:2
end_of_record
TN:
SF:src\components\BeerDetails\PackagingCard.tsx
FN:6,PackagingCard
FNF:1
FNH:1
FNDA:2,PackagingCard
DA:7,2
DA:8,2
LF:2
LH:2
BRDA:14,0,0,2
BRDA:14,0,1,2
BRF:2
BRH:2
end_of_record
TN:
SF:src\components\BeerDetails\TableLine.tsx
FN:5,TableLine
FN:18,(anonymous_1)
FNF:2
FNH:2
FNDA:39,TableLine
FNDA:95,(anonymous_1)
DA:10,39
DA:19,95
LF:2
LH:2
BRDA:7,0,0,30
BRDA:13,1,0,38
BRDA:13,1,1,1
BRDA:15,2,0,38
BRDA:15,2,1,1
BRDA:21,3,0,39
BRDA:21,3,1,56
BRF:7
BRH:7
end_of_record
TN:
SF:src\components\BeerList\BeerItem.tsx
FN:6,BeerItem
FN:16,(anonymous_1)
FNF:2
FNH:1
FNDA:2,BeerItem
FNDA:0,(anonymous_1)
DA:7,2
DA:8,2
DA:16,0
LF:3
LH:2
BRDA:15,0,0,0
BRDA:15,0,1,2
BRDA:18,1,0,2
BRDA:18,1,1,1
BRDA:18,1,2,1
BRF:5
BRH:4
end_of_record
TN:
SF:src\components\BeerList\Pagination.tsx
FN:8,Pagination
FN:9,(anonymous_1)
FN:12,(anonymous_2)
FN:24,(anonymous_3)
FN:44,(anonymous_4)
FNF:5
FNH:4
FNDA:2,Pagination
FNDA:4,(anonymous_1)
FNDA:1,(anonymous_2)
FNDA:0,(anonymous_3)
FNDA:1,(anonymous_4)
DA:9,4
DA:10,2
DA:12,2
DA:13,1
DA:15,2
DA:24,0
DA:44,1
LF:7
LH:6
BRF:0
BRH:0
end_of_record
TN:
SF:src\components\BeerList\PaginationButton.tsx
FN:5,PaginationButton
FNF:1
FNH:1
FNDA:7,PaginationButton
DA:11,7
LF:1
LH:1
BRDA:13,0,0,3
BRDA:13,0,1,4
BRF:2
BRH:2
end_of_record
TN:
SF:src\components\common\Header.tsx
FN:5,Header
FNF:1
FNH:1
FNDA:6,Header
DA:6,6
LF:1
LH:1
BRF:0
BRH:0
end_of_record
TN:
SF:src\components\common\Loader.tsx
FN:3,Loader
FNF:1
FNH:1
FNDA:1,Loader
DA:4,1
DA:5,1
LF:2
LH:2
BRF:0
BRH:0
end_of_record
TN:
SF:src\components\common\Text.tsx
FN:3,Text
FNF:1
FNH:1
FNDA:159,Text
DA:4,159
LF:1
LH:1
BRF:0
BRH:0
end_of_record
TN:
SF:src\config\Provider.tsx
FN:5,Provider
FNF:1
FNH:1
FNDA:34,Provider
DA:10,34
DA:15,34
LF:2
LH:2
BRF:0
BRH:0
end_of_record
TN:
SF:src\config\theme.tsx
FNF:0
FNH:0
LF:0
LH:0
BRF:0
BRH:0
end_of_record
TN:
SF:src\hooks\index.ts
FN:11,(anonymous_0)
FNF:1
FNH:1
FNDA:2,(anonymous_0)
DA:7,12
DA:8,12
DA:11,12
LF:3
LH:3
BRF:0
BRH:0
end_of_record
TN:
SF:src\redux\details\actions.ts
FN:5,(anonymous_0)
FN:8,(anonymous_1)
FN:11,(anonymous_2)
FN:13,(anonymous_3)
FNF:4
FNH:4
FNDA:1,(anonymous_0)
FNDA:1,(anonymous_1)
FNDA:1,(anonymous_2)
FNDA:1,(anonymous_3)
DA:5,1
DA:6,1
DA:8,1
DA:9,1
DA:11,1
DA:13,1
LF:6
LH:6
BRF:0
BRH:0
end_of_record
TN:
SF:src\redux\details\reducer.ts
FN:10,(anonymous_0)
FNF:1
FNH:1
FNDA:4,(anonymous_0)
DA:4,1
DA:10,1
DA:14,4
DA:16,1
DA:22,1
DA:30,1
DA:38,1
LF:7
LH:7
BRDA:11,0,0,4
BRDA:14,1,0,1
BRDA:14,1,1,1
BRDA:14,1,2,1
BRDA:14,1,3,1
BRF:5
BRH:5
end_of_record
TN:
SF:src\redux\list\actions.ts
FN:5,(anonymous_0)
FN:8,(anonymous_1)
FN:10,(anonymous_2)
FN:13,(anonymous_3)
FN:15,(anonymous_4)
FNF:5
FNH:5
FNDA:1,(anonymous_0)
FNDA:1,(anonymous_1)
FNDA:1,(anonymous_2)
FNDA:1,(anonymous_3)
FNDA:2,(anonymous_4)
DA:5,13
DA:6,1
DA:8,13
DA:10,13
DA:11,1
DA:13,13
DA:15,13
DA:16,2
LF:8
LH:8
BRF:0
BRH:0
end_of_record
TN:
SF:src\redux\list\reducer.ts
FN:11,(anonymous_0)
FNF:1
FNH:1
FNDA:5,(anonymous_0)
DA:4,1
DA:11,1
DA:15,5
DA:17,1
DA:23,1
DA:31,1
DA:39,1
DA:46,1
LF:8
LH:8
BRDA:12,0,0,5
BRDA:15,1,0,1
BRDA:15,1,1,1
BRDA:15,1,2,1
BRDA:15,1,3,1
BRDA:15,1,4,1
BRF:6
BRH:6
end_of_record
